# JRE version: Java(TM) SE Runtime Environment (8.0_91-b15) (build 1.8.0_91-b15)
# Java VM: Java HotSpot(TM) 64-Bit Server VM (25.91-b15 mixed mode windows-amd64 compressed oops)
Heap:
 PSYoungGen      total 284160K, used 140451K [0x00000000eab00000, 0x00000000ff700000, 0x0000000100000000)
  eden space 227840K, 61% used [0x00000000eab00000,0x00000000f3428fd8,0x00000000f8980000)
  from space 56320K, 0% used [0x00000000fc000000,0x00000000fc000000,0x00000000ff700000)
  to   space 55808K, 0% used [0x00000000f8980000,0x00000000f8980000,0x00000000fc000000)
 ParOldGen       total 184832K, used 124616K [0x00000000c0000000, 0x00000000cb480000, 0x00000000eab00000)
  object space 184832K, 67% used [0x00000000c0000000,0x00000000c79b20e8,0x00000000cb480000)
 Metaspace       used 142018K, capacity 147092K, committed 147240K, reserved 1177600K
  class space    used 16534K, capacity 18193K, committed 18216K, reserved 1048576K
GC Heap History (10 events):
Event: 1589.938 GC heap before
{Heap before GC invocations=37 (full 6):
 PSYoungGen      total 259584K, used 75429K [0x00000000eab00000, 0x00000000fff80000, 0x0000000100000000)
  eden space 210432K, 12% used [0x00000000eab00000,0x00000000ec4ad988,0x00000000f7880000)
  from space 49152K, 99% used [0x00000000fb500000,0x00000000fe4fbb10,0x00000000fe500000)
  to   space 61952K, 0% used [0x00000000f7880000,0x00000000f7880000,0x00000000fb500000)
 ParOldGen       total 106496K, used 89942K [0x00000000c0000000, 0x00000000c6800000, 0x00000000eab00000)
  object space 106496K, 84% used [0x00000000c0000000,0x00000000c57d5a98,0x00000000c6800000)
 Metaspace       used 120005K, capacity 124320K, committed 124584K, reserved 1159168K
  class space    used 14003K, capacity 15441K, committed 15528K, reserved 1048576K
Event: 1590.202 GC heap after
Heap after GC invocations=37 (full 6):
 PSYoungGen      total 272384K, used 19416K [0x00000000eab00000, 0x00000000ff980000, 0x0000000100000000)
  eden space 210432K, 0% used [0x00000000eab00000,0x00000000eab00000,0x00000000f7880000)
  from space 61952K, 31% used [0x00000000f7880000,0x00000000f8b76250,0x00000000fb500000)
  to   space 58880K, 0% used [0x00000000fc000000,0x00000000fc000000,0x00000000ff980000)
 ParOldGen       total 109056K, used 109005K [0x00000000c0000000, 0x00000000c6a80000, 0x00000000eab00000)
  object space 109056K, 99% used [0x00000000c0000000,0x00000000c6a73600,0x00000000c6a80000)
 Metaspace       used 120005K, capacity 124320K, committed 124584K, reserved 1159168K
  class space    used 14003K, capacity 15441K, committed 15528K, reserved 1048576K
}
Event: 1590.202 GC heap before
{Heap before GC invocations=38 (full 7):
 PSYoungGen      total 272384K, used 19416K [0x00000000eab00000, 0x00000000ff980000, 0x0000000100000000)
  eden space 210432K, 0% used [0x00000000eab00000,0x00000000eab00000,0x00000000f7880000)
  from space 61952K, 31% used [0x00000000f7880000,0x00000000f8b76250,0x00000000fb500000)
  to   space 58880K, 0% used [0x00000000fc000000,0x00000000fc000000,0x00000000ff980000)
 ParOldGen       total 109056K, used 109005K [0x00000000c0000000, 0x00000000c6a80000, 0x00000000eab00000)
  object space 109056K, 99% used [0x00000000c0000000,0x00000000c6a73600,0x00000000c6a80000)
 Metaspace       used 120005K, capacity 124320K, committed 124584K, reserved 1159168K
  class space    used 14003K, capacity 15441K, committed 15528K, reserved 1048576K
Event: 1593.284 GC heap after
Heap after GC invocations=38 (full 7):
 PSYoungGen      total 272384K, used 0K [0x00000000eab00000, 0x00000000ff980000, 0x0000000100000000)
  eden space 210432K, 0% used [0x00000000eab00000,0x00000000eab00000,0x00000000f7880000)
  from space 61952K, 0% used [0x00000000f7880000,0x00000000f7880000,0x00000000fb500000)
  to   space 58880K, 0% used [0x00000000fc000000,0x00000000fc000000,0x00000000ff980000)
 ParOldGen       total 109056K, used 97287K [0x00000000c0000000, 0x00000000c6a80000, 0x00000000eab00000)
  object space 109056K, 89% used [0x00000000c0000000,0x00000000c5f01fd8,0x00000000c6a80000)
 Metaspace       used 119587K, capacity 123448K, committed 124584K, reserved 1159168K
  class space    used 13846K, capacity 15081K, committed 15528K, reserved 1048576K
}
Event: 1787.156 GC heap before
{Heap before GC invocations=39 (full 8):
 PSYoungGen      total 272384K, used 210432K [0x00000000eab00000, 0x00000000ff980000, 0x0000000100000000)
  eden space 210432K, 100% used [0x00000000eab00000,0x00000000f7880000,0x00000000f7880000)
  from space 61952K, 0% used [0x00000000f7880000,0x00000000f7880000,0x00000000fb500000)
  to   space 58880K, 0% used [0x00000000fc000000,0x00000000fc000000,0x00000000ff980000)
 ParOldGen       total 109056K, used 97287K [0x00000000c0000000, 0x00000000c6a80000, 0x00000000eab00000)
  object space 109056K, 89% used [0x00000000c0000000,0x00000000c5f01fd8,0x00000000c6a80000)
 Metaspace       used 127767K, capacity 132298K, committed 132648K, reserved 1165312K
  class space    used 15043K, capacity 16521K, committed 16680K, reserved 1048576K
Event: 1788.239 GC heap after
Heap after GC invocations=39 (full 8):
 PSYoungGen      total 272384K, used 11482K [0x00000000eab00000, 0x00000000ff980000, 0x0000000100000000)
  eden space 210432K, 5% used [0x00000000eab00000,0x00000000eb636880,0x00000000f7880000)
  from space 61952K, 0% used [0x00000000f7880000,0x00000000f7880000,0x00000000fb500000)
  to   space 58880K, 0% used [0x00000000fc000000,0x00000000fc000000,0x00000000ff980000)
 ParOldGen       total 184832K, used 109040K [0x00000000c0000000, 0x00000000cb480000, 0x00000000eab00000)
  object space 184832K, 58% used [0x00000000c0000000,0x00000000c6a7c240,0x00000000cb480000)
 Metaspace       used 127767K, capacity 132298K, committed 132648K, reserved 1165312K
  class space    used 15043K, capacity 16521K, committed 16680K, reserved 1048576K
}
Event: 1796.229 GC heap before
{Heap before GC invocations=40 (full 8):
 PSYoungGen      total 272384K, used 210189K [0x00000000eab00000, 0x00000000ff980000, 0x0000000100000000)
  eden space 210432K, 99% used [0x00000000eab00000,0x00000000f78437a8,0x00000000f7880000)
  from space 61952K, 0% used [0x00000000f7880000,0x00000000f7880000,0x00000000fb500000)
  to   space 58880K, 0% used [0x00000000fc000000,0x00000000fc000000,0x00000000ff980000)
 ParOldGen       total 184832K, used 109040K [0x00000000c0000000, 0x00000000cb480000, 0x00000000eab00000)
  object space 184832K, 58% used [0x00000000c0000000,0x00000000c6a7c240,0x00000000cb480000)
 Metaspace       used 136380K, capacity 140892K, committed 141224K, reserved 1173504K
  class space    used 15706K, capacity 17188K, committed 17320K, reserved 1048576K
Event: 1796.363 GC heap after
Heap after GC invocations=40 (full 8):
 PSYoungGen      total 284160K, used 24572K [0x00000000eab00000, 0x00000000ff700000, 0x0000000100000000)
  eden space 227840K, 0% used [0x00000000eab00000,0x00000000eab00000,0x00000000f8980000)
  from space 56320K, 43% used [0x00000000fc000000,0x00000000fd7ff280,0x00000000ff700000)
  to   space 55808K, 0% used [0x00000000f8980000,0x00000000f8980000,0x00000000fc000000)
 ParOldGen       total 184832K, used 109040K [0x00000000c0000000, 0x00000000cb480000, 0x00000000eab00000)
  object space 184832K, 58% used [0x00000000c0000000,0x00000000c6a7c240,0x00000000cb480000)
 Metaspace       used 136380K, capacity 140892K, committed 141224K, reserved 1173504K
  class space    used 15706K, capacity 17188K, committed 17320K, reserved 1048576K
}
Event: 1796.363 GC heap before
{Heap before GC invocations=41 (full 9):
 PSYoungGen      total 284160K, used 24572K [0x00000000eab00000, 0x00000000ff700000, 0x0000000100000000)
  eden space 227840K, 0% used [0x00000000eab00000,0x00000000eab00000,0x00000000f8980000)
  from space 56320K, 43% used [0x00000000fc000000,0x00000000fd7ff280,0x00000000ff700000)
  to   space 55808K, 0% used [0x00000000f8980000,0x00000000f8980000,0x00000000fc000000)
 ParOldGen       total 184832K, used 109040K [0x00000000c0000000, 0x00000000cb480000, 0x00000000eab00000)
  object space 184832K, 58% used [0x00000000c0000000,0x00000000c6a7c240,0x00000000cb480000)
 Metaspace       used 136380K, capacity 140892K, committed 141224K, reserved 1173504K
  class space    used 15706K, capacity 17188K, committed 17320K, reserved 1048576K
Event: 1797.453 GC heap after
Heap after GC invocations=41 (full 9):
 PSYoungGen      total 284160K, used 0K [0x00000000eab00000, 0x00000000ff700000, 0x0000000100000000)
  eden space 227840K, 0% used [0x00000000eab00000,0x00000000eab00000,0x00000000f8980000)
  from space 56320K, 0% used [0x00000000fc000000,0x00000000fc000000,0x00000000ff700000)
  to   space 55808K, 0% used [0x00000000f8980000,0x00000000f8980000,0x00000000fc000000)
 ParOldGen       total 184832K, used 124616K [0x00000000c0000000, 0x00000000cb480000, 0x00000000eab00000)
  object space 184832K, 67% used [0x00000000c0000000,0x00000000c79b20e8,0x00000000cb480000)
 Metaspace       used 136380K, capacity 140892K, committed 141224K, reserved 1173504K
  class space    used 15706K, capacity 17188K, committed 17320K, reserved 1048576K
}

